{"/Users/fernandoortiz/Desktop/CSE118Summer/Assignment8/Assignment8/App.js": {"path":"/Users/fernandoortiz/Desktop/CSE118Summer/Assignment8/Assignment8/App.js","statementMap":{"0":{"start":{"line":12,"column":12},"end":{"line":14,"column":1}},"1":{"start":{"line":13,"column":2},"end":{"line":13,"column":18}}},"fnMap":{"0":{"name":"(anonymous_0)","decl":{"start":{"line":12,"column":12},"end":{"line":12,"column":13}},"loc":{"start":{"line":12,"column":18},"end":{"line":14,"column":1}},"line":12}},"branchMap":{},"s":{"0":1,"1":8},"f":{"0":8},"b":{},"_coverageSchema":"1a1c01bbd47fc00a2c39e90264f33305004495a9","hash":"5a0eb56722b3492f41bf040077d8d089508f6548"}
,"/Users/fernandoortiz/Desktop/CSE118Summer/Assignment8/Assignment8/src/Main.js": {"path":"/Users/fernandoortiz/Desktop/CSE118Summer/Assignment8/Assignment8/src/Main.js","statementMap":{"0":{"start":{"line":12,"column":14},"end":{"line":12,"column":36}},"1":{"start":{"line":14,"column":13},"end":{"line":54,"column":1}},"2":{"start":{"line":15,"column":4},"end":{"line":53,"column":6}},"3":{"start":{"line":26,"column":47},"end":{"line":30,"column":25}},"4":{"start":{"line":35,"column":47},"end":{"line":39,"column":25}},"5":{"start":{"line":44,"column":47},"end":{"line":48,"column":25}}},"fnMap":{"0":{"name":"(anonymous_0)","decl":{"start":{"line":14,"column":13},"end":{"line":14,"column":14}},"loc":{"start":{"line":14,"column":19},"end":{"line":54,"column":1}},"line":14},"1":{"name":"(anonymous_1)","decl":{"start":{"line":26,"column":33},"end":{"line":26,"column":34}},"loc":{"start":{"line":26,"column":47},"end":{"line":30,"column":25}},"line":26},"2":{"name":"(anonymous_2)","decl":{"start":{"line":35,"column":33},"end":{"line":35,"column":34}},"loc":{"start":{"line":35,"column":47},"end":{"line":39,"column":25}},"line":35},"3":{"name":"(anonymous_3)","decl":{"start":{"line":44,"column":33},"end":{"line":44,"column":34}},"loc":{"start":{"line":44,"column":47},"end":{"line":48,"column":25}},"line":44}},"branchMap":{},"s":{"0":1,"1":1,"2":8,"3":13,"4":6,"5":2},"f":{"0":8,"1":13,"2":6,"3":2},"b":{},"_coverageSchema":"1a1c01bbd47fc00a2c39e90264f33305004495a9","hash":"48361041492d3930b67cf7678b8de5e179b6296a"}
,"/Users/fernandoortiz/Desktop/CSE118Summer/Assignment8/Assignment8/src/Model/ViewModel.js": {"path":"/Users/fernandoortiz/Desktop/CSE118Summer/Assignment8/Assignment8/src/Model/ViewModel.js","statementMap":{"0":{"start":{"line":7,"column":33},"end":{"line":7,"column":54}},"1":{"start":{"line":8,"column":31},"end":{"line":8,"column":52}},"2":{"start":{"line":9,"column":31},"end":{"line":9,"column":52}},"3":{"start":{"line":10,"column":36},"end":{"line":10,"column":57}},"4":{"start":{"line":13,"column":40},"end":{"line":13,"column":58}},"5":{"start":{"line":14,"column":38},"end":{"line":14,"column":54}},"6":{"start":{"line":15,"column":36},"end":{"line":15,"column":54}},"7":{"start":{"line":16,"column":34},"end":{"line":16,"column":50}},"8":{"start":{"line":17,"column":36},"end":{"line":17,"column":54}},"9":{"start":{"line":18,"column":34},"end":{"line":18,"column":50}},"10":{"start":{"line":19,"column":46},"end":{"line":19,"column":62}},"11":{"start":{"line":21,"column":4},"end":{"line":27,"column":11}},"12":{"start":{"line":22,"column":26},"end":{"line":25,"column":9}},"13":{"start":{"line":23,"column":29},"end":{"line":23,"column":51}},"14":{"start":{"line":24,"column":12},"end":{"line":24,"column":38}},"15":{"start":{"line":26,"column":8},"end":{"line":26,"column":20}},"16":{"start":{"line":29,"column":4},"end":{"line":37,"column":20}},"17":{"start":{"line":30,"column":30},"end":{"line":35,"column":9}},"18":{"start":{"line":31,"column":12},"end":{"line":34,"column":13}},"19":{"start":{"line":32,"column":33},"end":{"line":32,"column":65}},"20":{"start":{"line":33,"column":16},"end":{"line":33,"column":38}},"21":{"start":{"line":36,"column":8},"end":{"line":36,"column":24}},"22":{"start":{"line":39,"column":4},"end":{"line":47,"column":18}},"23":{"start":{"line":40,"column":30},"end":{"line":45,"column":9}},"24":{"start":{"line":41,"column":12},"end":{"line":44,"column":13}},"25":{"start":{"line":42,"column":33},"end":{"line":42,"column":63}},"26":{"start":{"line":43,"column":16},"end":{"line":43,"column":38}},"27":{"start":{"line":46,"column":8},"end":{"line":46,"column":24}},"28":{"start":{"line":49,"column":4},"end":{"line":57,"column":18}},"29":{"start":{"line":50,"column":35},"end":{"line":55,"column":9}},"30":{"start":{"line":51,"column":12},"end":{"line":54,"column":13}},"31":{"start":{"line":52,"column":38},"end":{"line":52,"column":74}},"32":{"start":{"line":53,"column":16},"end":{"line":53,"column":42}},"33":{"start":{"line":56,"column":8},"end":{"line":56,"column":29}},"34":{"start":{"line":59,"column":4},"end":{"line":67,"column":6}}},"fnMap":{"0":{"name":"(anonymous_0)","decl":{"start":{"line":12,"column":27},"end":{"line":12,"column":28}},"loc":{"start":{"line":12,"column":40},"end":{"line":68,"column":1}},"line":12},"1":{"name":"(anonymous_1)","decl":{"start":{"line":21,"column":21},"end":{"line":21,"column":22}},"loc":{"start":{"line":21,"column":27},"end":{"line":27,"column":5}},"line":21},"2":{"name":"(anonymous_2)","decl":{"start":{"line":22,"column":26},"end":{"line":22,"column":27}},"loc":{"start":{"line":22,"column":37},"end":{"line":25,"column":9}},"line":22},"3":{"name":"(anonymous_3)","decl":{"start":{"line":29,"column":21},"end":{"line":29,"column":22}},"loc":{"start":{"line":29,"column":27},"end":{"line":37,"column":5}},"line":29},"4":{"name":"(anonymous_4)","decl":{"start":{"line":30,"column":30},"end":{"line":30,"column":31}},"loc":{"start":{"line":30,"column":42},"end":{"line":35,"column":9}},"line":30},"5":{"name":"(anonymous_5)","decl":{"start":{"line":39,"column":21},"end":{"line":39,"column":22}},"loc":{"start":{"line":39,"column":27},"end":{"line":47,"column":5}},"line":39},"6":{"name":"(anonymous_6)","decl":{"start":{"line":40,"column":30},"end":{"line":40,"column":31}},"loc":{"start":{"line":40,"column":42},"end":{"line":45,"column":9}},"line":40},"7":{"name":"(anonymous_7)","decl":{"start":{"line":49,"column":21},"end":{"line":49,"column":22}},"loc":{"start":{"line":49,"column":27},"end":{"line":57,"column":5}},"line":49},"8":{"name":"(anonymous_8)","decl":{"start":{"line":50,"column":35},"end":{"line":50,"column":36}},"loc":{"start":{"line":50,"column":47},"end":{"line":55,"column":9}},"line":50}},"branchMap":{"0":{"loc":{"start":{"line":31,"column":12},"end":{"line":34,"column":13}},"type":"if","locations":[{"start":{"line":31,"column":12},"end":{"line":34,"column":13}},{"start":{},"end":{}}],"line":31},"1":{"loc":{"start":{"line":41,"column":12},"end":{"line":44,"column":13}},"type":"if","locations":[{"start":{"line":41,"column":12},"end":{"line":44,"column":13}},{"start":{},"end":{}}],"line":41},"2":{"loc":{"start":{"line":51,"column":12},"end":{"line":54,"column":13}},"type":"if","locations":[{"start":{"line":51,"column":12},"end":{"line":54,"column":13}},{"start":{},"end":{}}],"line":51}},"s":{"0":1,"1":1,"2":1,"3":1,"4":27,"5":26,"6":26,"7":26,"8":26,"9":26,"10":26,"11":26,"12":7,"13":7,"14":7,"15":7,"16":26,"17":13,"18":13,"19":6,"20":0,"21":13,"22":26,"23":11,"24":11,"25":4,"26":0,"27":11,"28":26,"29":9,"30":9,"31":2,"32":0,"33":9,"34":26},"f":{"0":27,"1":7,"2":7,"3":13,"4":13,"5":11,"6":11,"7":9,"8":9},"b":{"0":[6,7],"1":[4,7],"2":[2,7]},"_coverageSchema":"1a1c01bbd47fc00a2c39e90264f33305004495a9","hash":"421af6b04f65a59e6b9a66f12f551196201e94f1"}
,"/Users/fernandoortiz/Desktop/CSE118Summer/Assignment8/Assignment8/src/Repo/WorkspaceRepo.js": {"path":"/Users/fernandoortiz/Desktop/CSE118Summer/Assignment8/Assignment8/src/Repo/WorkspaceRepo.js","statementMap":{"0":{"start":{"line":3,"column":19},"end":{"line":5,"column":1}},"1":{"start":{"line":4,"column":4},"end":{"line":4,"column":22}}},"fnMap":{"0":{"name":"(anonymous_0)","decl":{"start":{"line":3,"column":19},"end":{"line":3,"column":20}},"loc":{"start":{"line":3,"column":31},"end":{"line":5,"column":1}},"line":3}},"branchMap":{},"s":{"0":1,"1":7},"f":{"0":7},"b":{},"_coverageSchema":"1a1c01bbd47fc00a2c39e90264f33305004495a9","hash":"7939a2065af4d5b6e9833fff7c86df113c3bc0e2"}
,"/Users/fernandoortiz/Desktop/CSE118Summer/Assignment8/Assignment8/src/UI/ChannelCard.js": {"path":"/Users/fernandoortiz/Desktop/CSE118Summer/Assignment8/Assignment8/src/UI/ChannelCard.js","statementMap":{"0":{"start":{"line":4,"column":15},"end":{"line":18,"column":2}},"1":{"start":{"line":22,"column":20},"end":{"line":40,"column":1}},"2":{"start":{"line":23,"column":25},"end":{"line":23,"column":58}},"3":{"start":{"line":24,"column":4},"end":{"line":39,"column":6}},"4":{"start":{"line":27,"column":16},"end":{"line":32,"column":17}},"5":{"start":{"line":28,"column":20},"end":{"line":28,"column":40}},"6":{"start":{"line":29,"column":20},"end":{"line":29,"column":79}},"7":{"start":{"line":31,"column":20},"end":{"line":31,"column":66}}},"fnMap":{"0":{"name":"(anonymous_0)","decl":{"start":{"line":22,"column":20},"end":{"line":22,"column":21}},"loc":{"start":{"line":22,"column":47},"end":{"line":40,"column":1}},"line":22},"1":{"name":"(anonymous_1)","decl":{"start":{"line":26,"column":21},"end":{"line":26,"column":22}},"loc":{"start":{"line":26,"column":33},"end":{"line":33,"column":13}},"line":26}},"branchMap":{},"s":{"0":1,"1":1,"2":24,"3":24,"4":4,"5":4,"6":4,"7":0},"f":{"0":24,"1":4},"b":{},"_coverageSchema":"1a1c01bbd47fc00a2c39e90264f33305004495a9","hash":"14b35edd7bf795671e8260e2375195b325451175"}
,"/Users/fernandoortiz/Desktop/CSE118Summer/Assignment8/Assignment8/src/UI/ChannelView.js": {"path":"/Users/fernandoortiz/Desktop/CSE118Summer/Assignment8/Assignment8/src/UI/ChannelView.js","statementMap":{"0":{"start":{"line":7,"column":15},"end":{"line":16,"column":2}},"1":{"start":{"line":18,"column":20},"end":{"line":31,"column":1}},"2":{"start":{"line":19,"column":22},"end":{"line":19,"column":55}},"3":{"start":{"line":20,"column":4},"end":{"line":30,"column":6}},"4":{"start":{"line":24,"column":38},"end":{"line":24,"column":47}},"5":{"start":{"line":26,"column":20},"end":{"line":26,"column":74}}},"fnMap":{"0":{"name":"(anonymous_0)","decl":{"start":{"line":18,"column":20},"end":{"line":18,"column":21}},"loc":{"start":{"line":18,"column":38},"end":{"line":31,"column":1}},"line":18},"1":{"name":"(anonymous_1)","decl":{"start":{"line":24,"column":30},"end":{"line":24,"column":31}},"loc":{"start":{"line":24,"column":38},"end":{"line":24,"column":47}},"line":24},"2":{"name":"(anonymous_2)","decl":{"start":{"line":25,"column":28},"end":{"line":25,"column":29}},"loc":{"start":{"line":26,"column":20},"end":{"line":26,"column":74}},"line":26}},"branchMap":{},"s":{"0":1,"1":1,"2":6,"3":6,"4":34,"5":30},"f":{"0":6,"1":34,"2":30},"b":{},"_coverageSchema":"1a1c01bbd47fc00a2c39e90264f33305004495a9","hash":"fecee7e1c28ae759d40b78947040b17553641aa7"}
,"/Users/fernandoortiz/Desktop/CSE118Summer/Assignment8/Assignment8/src/UI/MessageCard.js": {"path":"/Users/fernandoortiz/Desktop/CSE118Summer/Assignment8/Assignment8/src/UI/MessageCard.js","statementMap":{"0":{"start":{"line":4,"column":15},"end":{"line":25,"column":2}},"1":{"start":{"line":29,"column":20},"end":{"line":44,"column":1}},"2":{"start":{"line":30,"column":25},"end":{"line":30,"column":58}},"3":{"start":{"line":31,"column":4},"end":{"line":43,"column":6}},"4":{"start":{"line":34,"column":16},"end":{"line":34,"column":36}},"5":{"start":{"line":35,"column":16},"end":{"line":35,"column":83}}},"fnMap":{"0":{"name":"(anonymous_0)","decl":{"start":{"line":29,"column":20},"end":{"line":29,"column":21}},"loc":{"start":{"line":29,"column":47},"end":{"line":44,"column":1}},"line":29},"1":{"name":"(anonymous_1)","decl":{"start":{"line":33,"column":21},"end":{"line":33,"column":22}},"loc":{"start":{"line":33,"column":27},"end":{"line":35,"column":84}},"line":33}},"branchMap":{},"s":{"0":1,"1":1,"2":32,"3":32,"4":2,"5":2},"f":{"0":32,"1":2},"b":{},"_coverageSchema":"1a1c01bbd47fc00a2c39e90264f33305004495a9","hash":"3a7e73cb06b82d47c9e39c1f0fc535545e10bd5d"}
,"/Users/fernandoortiz/Desktop/CSE118Summer/Assignment8/Assignment8/src/UI/MessageView.js": {"path":"/Users/fernandoortiz/Desktop/CSE118Summer/Assignment8/Assignment8/src/UI/MessageView.js","statementMap":{"0":{"start":{"line":6,"column":15},"end":{"line":15,"column":2}},"1":{"start":{"line":19,"column":20},"end":{"line":26,"column":1}},"2":{"start":{"line":20,"column":22},"end":{"line":20,"column":55}},"3":{"start":{"line":21,"column":4},"end":{"line":25,"column":6}}},"fnMap":{"0":{"name":"(anonymous_0)","decl":{"start":{"line":19,"column":20},"end":{"line":19,"column":21}},"loc":{"start":{"line":19,"column":26},"end":{"line":26,"column":1}},"line":19}},"branchMap":{},"s":{"0":1,"1":1,"2":2,"3":2},"f":{"0":2},"b":{},"_coverageSchema":"1a1c01bbd47fc00a2c39e90264f33305004495a9","hash":"ab55663a5108cc209b78dad4d10bd9fb35fc650f"}
,"/Users/fernandoortiz/Desktop/CSE118Summer/Assignment8/Assignment8/src/UI/WorkspaceCard.js": {"path":"/Users/fernandoortiz/Desktop/CSE118Summer/Assignment8/Assignment8/src/UI/WorkspaceCard.js","statementMap":{"0":{"start":{"line":4,"column":15},"end":{"line":18,"column":2}},"1":{"start":{"line":22,"column":22},"end":{"line":40,"column":1}},"2":{"start":{"line":23,"column":27},"end":{"line":23,"column":62}},"3":{"start":{"line":24,"column":4},"end":{"line":39,"column":6}},"4":{"start":{"line":27,"column":16},"end":{"line":32,"column":17}},"5":{"start":{"line":28,"column":20},"end":{"line":28,"column":44}},"6":{"start":{"line":29,"column":20},"end":{"line":29,"column":81}},"7":{"start":{"line":31,"column":20},"end":{"line":31,"column":66}}},"fnMap":{"0":{"name":"(anonymous_0)","decl":{"start":{"line":22,"column":22},"end":{"line":22,"column":23}},"loc":{"start":{"line":22,"column":51},"end":{"line":40,"column":1}},"line":22},"1":{"name":"(anonymous_1)","decl":{"start":{"line":26,"column":21},"end":{"line":26,"column":22}},"loc":{"start":{"line":26,"column":32},"end":{"line":33,"column":13}},"line":26}},"branchMap":{},"s":{"0":1,"1":1,"2":190,"3":190,"4":6,"5":6,"6":6,"7":0},"f":{"0":190,"1":6},"b":{},"_coverageSchema":"1a1c01bbd47fc00a2c39e90264f33305004495a9","hash":"b3cddcbbe80488a72c6fbd361acf5cbcae8f424e"}
,"/Users/fernandoortiz/Desktop/CSE118Summer/Assignment8/Assignment8/src/UI/WorkspaceList.js": {"path":"/Users/fernandoortiz/Desktop/CSE118Summer/Assignment8/Assignment8/src/UI/WorkspaceList.js","statementMap":{"0":{"start":{"line":7,"column":15},"end":{"line":12,"column":2}},"1":{"start":{"line":14,"column":22},"end":{"line":27,"column":1}},"2":{"start":{"line":15,"column":27},"end":{"line":15,"column":62}},"3":{"start":{"line":16,"column":4},"end":{"line":26,"column":6}},"4":{"start":{"line":20,"column":38},"end":{"line":20,"column":47}},"5":{"start":{"line":22,"column":20},"end":{"line":22,"column":78}}},"fnMap":{"0":{"name":"(anonymous_0)","decl":{"start":{"line":14,"column":22},"end":{"line":14,"column":23}},"loc":{"start":{"line":14,"column":40},"end":{"line":27,"column":1}},"line":14},"1":{"name":"(anonymous_1)","decl":{"start":{"line":20,"column":30},"end":{"line":20,"column":31}},"loc":{"start":{"line":20,"column":38},"end":{"line":20,"column":47}},"line":20},"2":{"name":"(anonymous_2)","decl":{"start":{"line":21,"column":28},"end":{"line":21,"column":29}},"loc":{"start":{"line":22,"column":20},"end":{"line":22,"column":78}},"line":22}},"branchMap":{},"s":{"0":1,"1":1,"2":26,"3":26,"4":235,"5":190},"f":{"0":26,"1":235,"2":190},"b":{},"_coverageSchema":"1a1c01bbd47fc00a2c39e90264f33305004495a9","hash":"c5febae4aaec3f2d32f86d8353537f2cb2216680"}
,"/Users/fernandoortiz/Desktop/CSE118Summer/Assignment8/Assignment8/src/UI/WorkspaceView.js": {"path":"/Users/fernandoortiz/Desktop/CSE118Summer/Assignment8/Assignment8/src/UI/WorkspaceView.js","statementMap":{"0":{"start":{"line":7,"column":15},"end":{"line":16,"column":2}},"1":{"start":{"line":18,"column":22},"end":{"line":31,"column":1}},"2":{"start":{"line":19,"column":24},"end":{"line":19,"column":59}},"3":{"start":{"line":20,"column":4},"end":{"line":30,"column":6}},"4":{"start":{"line":24,"column":38},"end":{"line":24,"column":47}},"5":{"start":{"line":26,"column":20},"end":{"line":26,"column":74}}},"fnMap":{"0":{"name":"(anonymous_0)","decl":{"start":{"line":18,"column":22},"end":{"line":18,"column":23}},"loc":{"start":{"line":18,"column":40},"end":{"line":31,"column":1}},"line":18},"1":{"name":"(anonymous_1)","decl":{"start":{"line":24,"column":30},"end":{"line":24,"column":31}},"loc":{"start":{"line":24,"column":38},"end":{"line":24,"column":47}},"line":24},"2":{"name":"(anonymous_2)","decl":{"start":{"line":25,"column":28},"end":{"line":25,"column":29}},"loc":{"start":{"line":26,"column":20},"end":{"line":26,"column":74}},"line":26}},"branchMap":{},"s":{"0":1,"1":1,"2":12,"3":12,"4":30,"5":24},"f":{"0":12,"1":30,"2":24},"b":{},"_coverageSchema":"1a1c01bbd47fc00a2c39e90264f33305004495a9","hash":"c44f083c9fff0abae151458679066463ffd7f2e3"}
}
