TN:
SF:App.js
FN:12,(anonymous_0)
FNF:1
FNH:1
FNDA:8,(anonymous_0)
DA:12,1
DA:13,8
LF:2
LH:2
BRF:0
BRH:0
end_of_record
TN:
SF:src/Main.js
FN:14,(anonymous_0)
FN:26,(anonymous_1)
FN:35,(anonymous_2)
FN:44,(anonymous_3)
FNF:4
FNH:4
FNDA:8,(anonymous_0)
FNDA:13,(anonymous_1)
FNDA:6,(anonymous_2)
FNDA:2,(anonymous_3)
DA:12,1
DA:14,1
DA:15,8
DA:26,13
DA:35,6
DA:44,2
LF:6
LH:6
BRF:0
BRH:0
end_of_record
TN:
SF:src/Model/ViewModel.js
FN:12,(anonymous_0)
FN:21,(anonymous_1)
FN:22,(anonymous_2)
FN:29,(anonymous_3)
FN:30,(anonymous_4)
FN:39,(anonymous_5)
FN:40,(anonymous_6)
FN:49,(anonymous_7)
FN:50,(anonymous_8)
FNF:9
FNH:9
FNDA:27,(anonymous_0)
FNDA:7,(anonymous_1)
FNDA:7,(anonymous_2)
FNDA:13,(anonymous_3)
FNDA:13,(anonymous_4)
FNDA:11,(anonymous_5)
FNDA:11,(anonymous_6)
FNDA:9,(anonymous_7)
FNDA:9,(anonymous_8)
DA:7,1
DA:8,1
DA:9,1
DA:10,1
DA:13,27
DA:14,26
DA:15,26
DA:16,26
DA:17,26
DA:18,26
DA:19,26
DA:21,26
DA:22,7
DA:23,7
DA:24,7
DA:26,7
DA:29,26
DA:30,13
DA:31,13
DA:32,6
DA:33,0
DA:36,13
DA:39,26
DA:40,11
DA:41,11
DA:42,4
DA:43,0
DA:46,11
DA:49,26
DA:50,9
DA:51,9
DA:52,2
DA:53,0
DA:56,9
DA:59,26
LF:35
LH:32
BRDA:31,0,0,6
BRDA:31,0,1,7
BRDA:41,1,0,4
BRDA:41,1,1,7
BRDA:51,2,0,2
BRDA:51,2,1,7
BRF:6
BRH:6
end_of_record
TN:
SF:src/Repo/WorkspaceRepo.js
FN:3,(anonymous_0)
FNF:1
FNH:1
FNDA:7,(anonymous_0)
DA:3,1
DA:4,7
LF:2
LH:2
BRF:0
BRH:0
end_of_record
TN:
SF:src/UI/ChannelCard.js
FN:22,(anonymous_0)
FN:26,(anonymous_1)
FNF:2
FNH:2
FNDA:24,(anonymous_0)
FNDA:4,(anonymous_1)
DA:4,1
DA:22,1
DA:23,24
DA:24,24
DA:27,4
DA:28,4
DA:29,4
DA:31,0
LF:8
LH:7
BRF:0
BRH:0
end_of_record
TN:
SF:src/UI/ChannelView.js
FN:18,(anonymous_0)
FN:24,(anonymous_1)
FN:25,(anonymous_2)
FNF:3
FNH:3
FNDA:6,(anonymous_0)
FNDA:34,(anonymous_1)
FNDA:30,(anonymous_2)
DA:7,1
DA:18,1
DA:19,6
DA:20,6
DA:24,34
DA:26,30
LF:6
LH:6
BRF:0
BRH:0
end_of_record
TN:
SF:src/UI/MessageCard.js
FN:29,(anonymous_0)
FN:33,(anonymous_1)
FNF:2
FNH:2
FNDA:32,(anonymous_0)
FNDA:2,(anonymous_1)
DA:4,1
DA:29,1
DA:30,32
DA:31,32
DA:34,2
DA:35,2
LF:6
LH:6
BRF:0
BRH:0
end_of_record
TN:
SF:src/UI/MessageView.js
FN:19,(anonymous_0)
FNF:1
FNH:1
FNDA:2,(anonymous_0)
DA:6,1
DA:19,1
DA:20,2
DA:21,2
LF:4
LH:4
BRF:0
BRH:0
end_of_record
TN:
SF:src/UI/WorkspaceCard.js
FN:22,(anonymous_0)
FN:26,(anonymous_1)
FNF:2
FNH:2
FNDA:190,(anonymous_0)
FNDA:6,(anonymous_1)
DA:4,1
DA:22,1
DA:23,190
DA:24,190
DA:27,6
DA:28,6
DA:29,6
DA:31,0
LF:8
LH:7
BRF:0
BRH:0
end_of_record
TN:
SF:src/UI/WorkspaceList.js
FN:14,(anonymous_0)
FN:20,(anonymous_1)
FN:21,(anonymous_2)
FNF:3
FNH:3
FNDA:26,(anonymous_0)
FNDA:235,(anonymous_1)
FNDA:190,(anonymous_2)
DA:7,1
DA:14,1
DA:15,26
DA:16,26
DA:20,235
DA:22,190
LF:6
LH:6
BRF:0
BRH:0
end_of_record
TN:
SF:src/UI/WorkspaceView.js
FN:18,(anonymous_0)
FN:24,(anonymous_1)
FN:25,(anonymous_2)
FNF:3
FNH:3
FNDA:12,(anonymous_0)
FNDA:30,(anonymous_1)
FNDA:24,(anonymous_2)
DA:7,1
DA:18,1
DA:19,12
DA:20,12
DA:24,30
DA:26,24
LF:6
LH:6
BRF:0
BRH:0
end_of_record
